!
!
!
!
!
!
!
!
!
!
!
!
function ()
{
	var temp = new Date();
	    var dateStr = this.utils.padDateDoubleStr(temp.getFullYear()) +
	"-" + 
	                  this.utils.padDateDoubleStr(1 + temp.getMonth()) +
	"-" +
	                  this.utils.padDateDoubleStr(temp.getDate()) +
	" " +
	                  this.utils.padDateDoubleStr(temp.getHours()) +
	":" +
	                  this.utils.padDateDoubleStr(temp.getMinutes()) +
	":" +
	                  this.utils.padDateDoubleStr(temp.getSeconds());
	    debug (dateStr );
} | !
function ()
{
	var temp = new Date();
	    var dateStr = this.utils.padDateDoubleStr(temp.getFullYear()) +
	"-" + 
	                  this.utils.padDateDoubleStr(1 + temp.getMonth()) +
	"-" +
	                  this.utils.padDateDoubleStr(temp.getDate()) +
	" " +
	                  this.utils.padDateDoubleStr(temp.getHours()) +
	":" +
	                  this.utils.padDateDoubleStr(temp.getMinutes()) +
	":" +
	                  this.utils.padDateDoubleStr(temp.getSeconds());
	    debug (dateStr );
} | !
function ()
{
	var temp = new Date();
	    var dateStr = this.utils.padDateDoubleStr(temp.getFullYear()) +
	"-" + 
	                  this.utils.padDateDoubleStr(1 + temp.getMonth()) +
	"-" +
	                  this.utils.padDateDoubleStr(temp.getDate()) +
	" " +
	                  this.utils.padDateDoubleStr(temp.getHours()) +
	":" +
	                  this.utils.padDateDoubleStr(temp.getMinutes()) +
	":" +
	                  this.utils.padDateDoubleStr(temp.getSeconds());
	    debug (dateStr );
} | !
2011-09-30 16:14:30 | !
2011-09-30 16:14:35 | !
2011-09-30 16:14:35 | !
2011-09-30 16:14:35 | !
